[0.936s] Invoking command in '/home/armanc/ros2_ws/src/xeryon_controller': PYTHONPATH=/home/armanc/ros2_ws/src/build/xeryon_controller/prefix_override:/home/armanc/ros2_ws/src/install/xeryon_controller/lib/python3.10/site-packages:${PYTHONPATH} /usr/bin/python3 -W ignore:setup.py install is deprecated setup.py egg_info --egg-base ../build/xeryon_controller build --build-base /home/armanc/ros2_ws/src/build/xeryon_controller/build install --record /home/armanc/ros2_ws/src/build/xeryon_controller/install.log --single-version-externally-managed install_data
[1.160s] running egg_info
[1.160s] creating ../build/xeryon_controller/xeryon_controller.egg-info
[1.161s] writing ../build/xeryon_controller/xeryon_controller.egg-info/PKG-INFO
[1.161s] writing dependency_links to ../build/xeryon_controller/xeryon_controller.egg-info/dependency_links.txt
[1.161s] writing entry points to ../build/xeryon_controller/xeryon_controller.egg-info/entry_points.txt
[1.161s] writing requirements to ../build/xeryon_controller/xeryon_controller.egg-info/requires.txt
[1.161s] writing top-level names to ../build/xeryon_controller/xeryon_controller.egg-info/top_level.txt
[1.161s] writing manifest file '../build/xeryon_controller/xeryon_controller.egg-info/SOURCES.txt'
[1.163s] reading manifest file '../build/xeryon_controller/xeryon_controller.egg-info/SOURCES.txt'
[1.163s] adding license file 'LICENSE'
[1.163s] writing manifest file '../build/xeryon_controller/xeryon_controller.egg-info/SOURCES.txt'
[1.163s] running build
[1.163s] running build_py
[1.164s] creating /home/armanc/ros2_ws/src/build/xeryon_controller/build
[1.164s] creating /home/armanc/ros2_ws/src/build/xeryon_controller/build/lib
[1.164s] creating /home/armanc/ros2_ws/src/build/xeryon_controller/build/lib/xeryon_controller
[1.164s] copying xeryon_controller/__init__.py -> /home/armanc/ros2_ws/src/build/xeryon_controller/build/lib/xeryon_controller
[1.164s] running install
[1.164s] running install_lib
[1.165s] creating /home/armanc/ros2_ws/src/install/xeryon_controller/lib/python3.10/site-packages/xeryon_controller
[1.165s] copying /home/armanc/ros2_ws/src/build/xeryon_controller/build/lib/xeryon_controller/__init__.py -> /home/armanc/ros2_ws/src/install/xeryon_controller/lib/python3.10/site-packages/xeryon_controller
[1.165s] byte-compiling /home/armanc/ros2_ws/src/install/xeryon_controller/lib/python3.10/site-packages/xeryon_controller/__init__.py to __init__.cpython-310.pyc
[1.166s] running install_data
[1.166s] creating /home/armanc/ros2_ws/src/install/xeryon_controller/share/ament_index
[1.166s] creating /home/armanc/ros2_ws/src/install/xeryon_controller/share/ament_index/resource_index
[1.166s] creating /home/armanc/ros2_ws/src/install/xeryon_controller/share/ament_index/resource_index/packages
[1.166s] copying resource/xeryon_controller -> /home/armanc/ros2_ws/src/install/xeryon_controller/share/ament_index/resource_index/packages
[1.166s] copying package.xml -> /home/armanc/ros2_ws/src/install/xeryon_controller/share/xeryon_controller
[1.166s] running install_egg_info
[1.167s] Copying ../build/xeryon_controller/xeryon_controller.egg-info to /home/armanc/ros2_ws/src/install/xeryon_controller/lib/python3.10/site-packages/xeryon_controller-0.0.0-py3.10.egg-info
[1.168s] running install_scripts
[1.186s] writing list of installed files to '/home/armanc/ros2_ws/src/build/xeryon_controller/install.log'
[1.208s] Invoked command in '/home/armanc/ros2_ws/src/xeryon_controller' returned '0': PYTHONPATH=/home/armanc/ros2_ws/src/build/xeryon_controller/prefix_override:/home/armanc/ros2_ws/src/install/xeryon_controller/lib/python3.10/site-packages:${PYTHONPATH} /usr/bin/python3 -W ignore:setup.py install is deprecated setup.py egg_info --egg-base ../build/xeryon_controller build --build-base /home/armanc/ros2_ws/src/build/xeryon_controller/build install --record /home/armanc/ros2_ws/src/build/xeryon_controller/install.log --single-version-externally-managed install_data
