/home/armanc/ros2_ws/src/install/xeryon_controller/lib/python3.10/site-packages/xeryon_controller/__init__.py
/home/armanc/ros2_ws/src/install/xeryon_controller/lib/python3.10/site-packages/xeryon_controller/linear_node/setup.py
/home/armanc/ros2_ws/src/install/xeryon_controller/lib/python3.10/site-packages/xeryon_controller/linear_node/__init__.py
/home/armanc/ros2_ws/src/install/xeryon_controller/lib/python3.10/site-packages/xeryon_controller/linear_node/Xeryon.py
/home/armanc/ros2_ws/src/install/xeryon_controller/lib/python3.10/site-packages/xeryon_controller/linear_node/linear_node.py
/home/armanc/ros2_ws/src/install/xeryon_controller/lib/python3.10/site-packages/xeryon_controller/data_node/__init__.py
/home/armanc/ros2_ws/src/install/xeryon_controller/lib/python3.10/site-packages/xeryon_controller/data_node/data_node.py
/home/armanc/ros2_ws/src/install/xeryon_controller/lib/python3.10/site-packages/xeryon_controller/rotary_node/rotary_node.py
/home/armanc/ros2_ws/src/install/xeryon_controller/lib/python3.10/site-packages/xeryon_controller/rotary_node/setup.py
/home/armanc/ros2_ws/src/install/xeryon_controller/lib/python3.10/site-packages/xeryon_controller/rotary_node/__init__.py
/home/armanc/ros2_ws/src/install/xeryon_controller/lib/python3.10/site-packages/xeryon_controller/rotary_node/Xeryon.py
/home/armanc/ros2_ws/src/install/xeryon_controller/lib/python3.10/site-packages/xeryon_controller/__pycache__/__init__.cpython-310.pyc
/home/armanc/ros2_ws/src/install/xeryon_controller/lib/python3.10/site-packages/xeryon_controller/linear_node/__pycache__/setup.cpython-310.pyc
/home/armanc/ros2_ws/src/install/xeryon_controller/lib/python3.10/site-packages/xeryon_controller/linear_node/__pycache__/__init__.cpython-310.pyc
/home/armanc/ros2_ws/src/install/xeryon_controller/lib/python3.10/site-packages/xeryon_controller/linear_node/__pycache__/Xeryon.cpython-310.pyc
/home/armanc/ros2_ws/src/install/xeryon_controller/lib/python3.10/site-packages/xeryon_controller/linear_node/__pycache__/linear_node.cpython-310.pyc
/home/armanc/ros2_ws/src/install/xeryon_controller/lib/python3.10/site-packages/xeryon_controller/data_node/__pycache__/__init__.cpython-310.pyc
/home/armanc/ros2_ws/src/install/xeryon_controller/lib/python3.10/site-packages/xeryon_controller/data_node/__pycache__/data_node.cpython-310.pyc
/home/armanc/ros2_ws/src/install/xeryon_controller/lib/python3.10/site-packages/xeryon_controller/rotary_node/__pycache__/rotary_node.cpython-310.pyc
/home/armanc/ros2_ws/src/install/xeryon_controller/lib/python3.10/site-packages/xeryon_controller/rotary_node/__pycache__/setup.cpython-310.pyc
/home/armanc/ros2_ws/src/install/xeryon_controller/lib/python3.10/site-packages/xeryon_controller/rotary_node/__pycache__/__init__.cpython-310.pyc
/home/armanc/ros2_ws/src/install/xeryon_controller/lib/python3.10/site-packages/xeryon_controller/rotary_node/__pycache__/Xeryon.cpython-310.pyc
/home/armanc/ros2_ws/src/install/xeryon_controller/share/ament_index/resource_index/packages/xeryon_controller
/home/armanc/ros2_ws/src/install/xeryon_controller/share/xeryon_controller/package.xml
/home/armanc/ros2_ws/src/install/xeryon_controller/share/xeryon_controller/launch/launch.py
/home/armanc/ros2_ws/src/install/xeryon_controller/lib/python3.10/site-packages/xeryon_controller-0.0.0-py3.10.egg-info/dependency_links.txt
/home/armanc/ros2_ws/src/install/xeryon_controller/lib/python3.10/site-packages/xeryon_controller-0.0.0-py3.10.egg-info/zip-safe
/home/armanc/ros2_ws/src/install/xeryon_controller/lib/python3.10/site-packages/xeryon_controller-0.0.0-py3.10.egg-info/top_level.txt
/home/armanc/ros2_ws/src/install/xeryon_controller/lib/python3.10/site-packages/xeryon_controller-0.0.0-py3.10.egg-info/requires.txt
/home/armanc/ros2_ws/src/install/xeryon_controller/lib/python3.10/site-packages/xeryon_controller-0.0.0-py3.10.egg-info/PKG-INFO
/home/armanc/ros2_ws/src/install/xeryon_controller/lib/python3.10/site-packages/xeryon_controller-0.0.0-py3.10.egg-info/entry_points.txt
/home/armanc/ros2_ws/src/install/xeryon_controller/lib/python3.10/site-packages/xeryon_controller-0.0.0-py3.10.egg-info/SOURCES.txt
/home/armanc/ros2_ws/src/install/xeryon_controller/lib/xeryon_controller/data_node
/home/armanc/ros2_ws/src/install/xeryon_controller/lib/xeryon_controller/linear_node
/home/armanc/ros2_ws/src/install/xeryon_controller/lib/xeryon_controller/rotary_node
