[0.665s] Invoking command in '/home/armanc/ros2_ws/src/xeryon_controller': PYTHONPATH=/home/armanc/ros2_ws/src/build/xeryon_controller/prefix_override:/home/armanc/ros2_ws/src/install/xeryon_controller/lib/python3.10/site-packages:${PYTHONPATH} /usr/bin/python3 -W ignore:setup.py install is deprecated setup.py egg_info --egg-base ../build/xeryon_controller build --build-base /home/armanc/ros2_ws/src/build/xeryon_controller/build install --record /home/armanc/ros2_ws/src/build/xeryon_controller/install.log --single-version-externally-managed install_data
[0.930s] running egg_info
[0.931s] writing ../build/xeryon_controller/xeryon_controller.egg-info/PKG-INFO
[0.931s] writing dependency_links to ../build/xeryon_controller/xeryon_controller.egg-info/dependency_links.txt
[0.932s] writing entry points to ../build/xeryon_controller/xeryon_controller.egg-info/entry_points.txt
[0.932s] writing requirements to ../build/xeryon_controller/xeryon_controller.egg-info/requires.txt
[0.932s] writing top-level names to ../build/xeryon_controller/xeryon_controller.egg-info/top_level.txt
[0.934s] reading manifest file '../build/xeryon_controller/xeryon_controller.egg-info/SOURCES.txt'
[0.934s] adding license file 'LICENSE'
[0.935s] writing manifest file '../build/xeryon_controller/xeryon_controller.egg-info/SOURCES.txt'
[0.935s] running build
[0.936s] running build_py
[0.936s] copying xeryon_controller/rotary_node/rotary_node.py -> /home/armanc/ros2_ws/src/build/xeryon_controller/build/lib/xeryon_controller/rotary_node
[0.937s] running install
[0.937s] running install_lib
[0.938s] copying /home/armanc/ros2_ws/src/build/xeryon_controller/build/lib/xeryon_controller/rotary_node/rotary_node.py -> /home/armanc/ros2_ws/src/install/xeryon_controller/lib/python3.10/site-packages/xeryon_controller/rotary_node
[0.939s] byte-compiling /home/armanc/ros2_ws/src/install/xeryon_controller/lib/python3.10/site-packages/xeryon_controller/rotary_node/rotary_node.py to rotary_node.cpython-310.pyc
[0.940s] running install_data
[0.940s] running install_egg_info
[0.942s] removing '/home/armanc/ros2_ws/src/install/xeryon_controller/lib/python3.10/site-packages/xeryon_controller-0.0.0-py3.10.egg-info' (and everything under it)
[0.942s] Copying ../build/xeryon_controller/xeryon_controller.egg-info to /home/armanc/ros2_ws/src/install/xeryon_controller/lib/python3.10/site-packages/xeryon_controller-0.0.0-py3.10.egg-info
[0.943s] running install_scripts
[0.965s] Installing data_node script to /home/armanc/ros2_ws/src/install/xeryon_controller/lib/xeryon_controller
[0.966s] Installing linear_node script to /home/armanc/ros2_ws/src/install/xeryon_controller/lib/xeryon_controller
[0.966s] Installing rotary_node script to /home/armanc/ros2_ws/src/install/xeryon_controller/lib/xeryon_controller
[0.966s] writing list of installed files to '/home/armanc/ros2_ws/src/build/xeryon_controller/install.log'
[0.993s] Invoked command in '/home/armanc/ros2_ws/src/xeryon_controller' returned '0': PYTHONPATH=/home/armanc/ros2_ws/src/build/xeryon_controller/prefix_override:/home/armanc/ros2_ws/src/install/xeryon_controller/lib/python3.10/site-packages:${PYTHONPATH} /usr/bin/python3 -W ignore:setup.py install is deprecated setup.py egg_info --egg-base ../build/xeryon_controller build --build-base /home/armanc/ros2_ws/src/build/xeryon_controller/build install --record /home/armanc/ros2_ws/src/build/xeryon_controller/install.log --single-version-externally-managed install_data
