running egg_info
writing ../build/xeryon_controller/xeryon_controller.egg-info/PKG-INFO
writing dependency_links to ../build/xeryon_controller/xeryon_controller.egg-info/dependency_links.txt
writing entry points to ../build/xeryon_controller/xeryon_controller.egg-info/entry_points.txt
writing requirements to ../build/xeryon_controller/xeryon_controller.egg-info/requires.txt
writing top-level names to ../build/xeryon_controller/xeryon_controller.egg-info/top_level.txt
reading manifest file '../build/xeryon_controller/xeryon_controller.egg-info/SOURCES.txt'
adding license file 'LICENSE'
writing manifest file '../build/xeryon_controller/xeryon_controller.egg-info/SOURCES.txt'
running build
running build_py
copying xeryon_controller/linear_node/setup.py -> /home/armanc/ros2_ws/src/build/xeryon_controller/build/lib/xeryon_controller/linear_node
copying xeryon_controller/linear_node/Xeryon.py -> /home/armanc/ros2_ws/src/build/xeryon_controller/build/lib/xeryon_controller/linear_node
copying xeryon_controller/linear_node/linear_node.py -> /home/armanc/ros2_ws/src/build/xeryon_controller/build/lib/xeryon_controller/linear_node
copying xeryon_controller/data_node/data_node.py -> /home/armanc/ros2_ws/src/build/xeryon_controller/build/lib/xeryon_controller/data_node
copying xeryon_controller/rotary_node/rotary_node.py -> /home/armanc/ros2_ws/src/build/xeryon_controller/build/lib/xeryon_controller/rotary_node
running install
running install_lib
copying /home/armanc/ros2_ws/src/build/xeryon_controller/build/lib/xeryon_controller/linear_node/setup.py -> /home/armanc/ros2_ws/src/install/xeryon_controller/lib/python3.10/site-packages/xeryon_controller/linear_node
copying /home/armanc/ros2_ws/src/build/xeryon_controller/build/lib/xeryon_controller/linear_node/Xeryon.py -> /home/armanc/ros2_ws/src/install/xeryon_controller/lib/python3.10/site-packages/xeryon_controller/linear_node
copying /home/armanc/ros2_ws/src/build/xeryon_controller/build/lib/xeryon_controller/linear_node/linear_node.py -> /home/armanc/ros2_ws/src/install/xeryon_controller/lib/python3.10/site-packages/xeryon_controller/linear_node
copying /home/armanc/ros2_ws/src/build/xeryon_controller/build/lib/xeryon_controller/data_node/data_node.py -> /home/armanc/ros2_ws/src/install/xeryon_controller/lib/python3.10/site-packages/xeryon_controller/data_node
copying /home/armanc/ros2_ws/src/build/xeryon_controller/build/lib/xeryon_controller/rotary_node/rotary_node.py -> /home/armanc/ros2_ws/src/install/xeryon_controller/lib/python3.10/site-packages/xeryon_controller/rotary_node
byte-compiling /home/armanc/ros2_ws/src/install/xeryon_controller/lib/python3.10/site-packages/xeryon_controller/linear_node/setup.py to setup.cpython-310.pyc
byte-compiling /home/armanc/ros2_ws/src/install/xeryon_controller/lib/python3.10/site-packages/xeryon_controller/linear_node/Xeryon.py to Xeryon.cpython-310.pyc
byte-compiling /home/armanc/ros2_ws/src/install/xeryon_controller/lib/python3.10/site-packages/xeryon_controller/linear_node/linear_node.py to linear_node.cpython-310.pyc
byte-compiling /home/armanc/ros2_ws/src/install/xeryon_controller/lib/python3.10/site-packages/xeryon_controller/data_node/data_node.py to data_node.cpython-310.pyc
byte-compiling /home/armanc/ros2_ws/src/install/xeryon_controller/lib/python3.10/site-packages/xeryon_controller/rotary_node/rotary_node.py to rotary_node.cpython-310.pyc
running install_data
creating /home/armanc/ros2_ws/src/install/xeryon_controller/share/xeryon_controller/launch
copying xeryon_controller/launch/launch.py -> /home/armanc/ros2_ws/src/install/xeryon_controller/share/xeryon_controller/launch
running install_egg_info
removing '/home/armanc/ros2_ws/src/install/xeryon_controller/lib/python3.10/site-packages/xeryon_controller-0.0.0-py3.10.egg-info' (and everything under it)
Copying ../build/xeryon_controller/xeryon_controller.egg-info to /home/armanc/ros2_ws/src/install/xeryon_controller/lib/python3.10/site-packages/xeryon_controller-0.0.0-py3.10.egg-info
running install_scripts
Installing data_node script to /home/armanc/ros2_ws/src/install/xeryon_controller/lib/xeryon_controller
Installing linear_node script to /home/armanc/ros2_ws/src/install/xeryon_controller/lib/xeryon_controller
Installing rotary_node script to /home/armanc/ros2_ws/src/install/xeryon_controller/lib/xeryon_controller
writing list of installed files to '/home/armanc/ros2_ws/src/build/xeryon_controller/install.log'
