[0.805s] Invoking command in '/home/armanc/ros2_ws/src/xeryon_controller': PYTHONPATH=/home/armanc/ros2_ws/src/build/xeryon_controller/prefix_override:/home/armanc/ros2_ws/src/install/xeryon_controller/lib/python3.10/site-packages:${PYTHONPATH} /usr/bin/python3 -W ignore:setup.py install is deprecated setup.py egg_info --egg-base ../build/xeryon_controller build --build-base /home/armanc/ros2_ws/src/build/xeryon_controller/build install --record /home/armanc/ros2_ws/src/build/xeryon_controller/install.log --single-version-externally-managed install_data
[1.047s] running egg_info
[1.048s] writing ../build/xeryon_controller/xeryon_controller.egg-info/PKG-INFO
[1.048s] writing dependency_links to ../build/xeryon_controller/xeryon_controller.egg-info/dependency_links.txt
[1.048s] writing entry points to ../build/xeryon_controller/xeryon_controller.egg-info/entry_points.txt
[1.092s] writing requirements to ../build/xeryon_controller/xeryon_controller.egg-info/requires.txt
[1.093s] writing top-level names to ../build/xeryon_controller/xeryon_controller.egg-info/top_level.txt
[1.130s] reading manifest file '../build/xeryon_controller/xeryon_controller.egg-info/SOURCES.txt'
[1.136s] adding license file 'LICENSE'
[1.139s] writing manifest file '../build/xeryon_controller/xeryon_controller.egg-info/SOURCES.txt'
[1.140s] running build
[1.140s] running build_py
[1.141s] copying xeryon_controller/linear_node/setup.py -> /home/armanc/ros2_ws/src/build/xeryon_controller/build/lib/xeryon_controller/linear_node
[1.142s] copying xeryon_controller/linear_node/Xeryon.py -> /home/armanc/ros2_ws/src/build/xeryon_controller/build/lib/xeryon_controller/linear_node
[1.142s] copying xeryon_controller/linear_node/linear_node.py -> /home/armanc/ros2_ws/src/build/xeryon_controller/build/lib/xeryon_controller/linear_node
[1.144s] copying xeryon_controller/data_node/data_node.py -> /home/armanc/ros2_ws/src/build/xeryon_controller/build/lib/xeryon_controller/data_node
[1.144s] copying xeryon_controller/rotary_node/rotary_node.py -> /home/armanc/ros2_ws/src/build/xeryon_controller/build/lib/xeryon_controller/rotary_node
[1.145s] running install
[1.145s] running install_lib
[1.146s] copying /home/armanc/ros2_ws/src/build/xeryon_controller/build/lib/xeryon_controller/linear_node/setup.py -> /home/armanc/ros2_ws/src/install/xeryon_controller/lib/python3.10/site-packages/xeryon_controller/linear_node
[1.147s] copying /home/armanc/ros2_ws/src/build/xeryon_controller/build/lib/xeryon_controller/linear_node/Xeryon.py -> /home/armanc/ros2_ws/src/install/xeryon_controller/lib/python3.10/site-packages/xeryon_controller/linear_node
[1.147s] copying /home/armanc/ros2_ws/src/build/xeryon_controller/build/lib/xeryon_controller/linear_node/linear_node.py -> /home/armanc/ros2_ws/src/install/xeryon_controller/lib/python3.10/site-packages/xeryon_controller/linear_node
[1.147s] copying /home/armanc/ros2_ws/src/build/xeryon_controller/build/lib/xeryon_controller/data_node/data_node.py -> /home/armanc/ros2_ws/src/install/xeryon_controller/lib/python3.10/site-packages/xeryon_controller/data_node
[1.147s] copying /home/armanc/ros2_ws/src/build/xeryon_controller/build/lib/xeryon_controller/rotary_node/rotary_node.py -> /home/armanc/ros2_ws/src/install/xeryon_controller/lib/python3.10/site-packages/xeryon_controller/rotary_node
[1.148s] byte-compiling /home/armanc/ros2_ws/src/install/xeryon_controller/lib/python3.10/site-packages/xeryon_controller/linear_node/setup.py to setup.cpython-310.pyc
[1.149s] byte-compiling /home/armanc/ros2_ws/src/install/xeryon_controller/lib/python3.10/site-packages/xeryon_controller/linear_node/Xeryon.py to Xeryon.cpython-310.pyc
[1.158s] byte-compiling /home/armanc/ros2_ws/src/install/xeryon_controller/lib/python3.10/site-packages/xeryon_controller/linear_node/linear_node.py to linear_node.cpython-310.pyc
[1.158s] byte-compiling /home/armanc/ros2_ws/src/install/xeryon_controller/lib/python3.10/site-packages/xeryon_controller/data_node/data_node.py to data_node.cpython-310.pyc
[1.159s] byte-compiling /home/armanc/ros2_ws/src/install/xeryon_controller/lib/python3.10/site-packages/xeryon_controller/rotary_node/rotary_node.py to rotary_node.cpython-310.pyc
[1.159s] running install_data
[1.160s] creating /home/armanc/ros2_ws/src/install/xeryon_controller/share/xeryon_controller/launch
[1.160s] copying xeryon_controller/launch/launch.py -> /home/armanc/ros2_ws/src/install/xeryon_controller/share/xeryon_controller/launch
[1.160s] running install_egg_info
[1.162s] removing '/home/armanc/ros2_ws/src/install/xeryon_controller/lib/python3.10/site-packages/xeryon_controller-0.0.0-py3.10.egg-info' (and everything under it)
[1.162s] Copying ../build/xeryon_controller/xeryon_controller.egg-info to /home/armanc/ros2_ws/src/install/xeryon_controller/lib/python3.10/site-packages/xeryon_controller-0.0.0-py3.10.egg-info
[1.164s] running install_scripts
[1.187s] Installing data_node script to /home/armanc/ros2_ws/src/install/xeryon_controller/lib/xeryon_controller
[1.188s] Installing linear_node script to /home/armanc/ros2_ws/src/install/xeryon_controller/lib/xeryon_controller
[1.188s] Installing rotary_node script to /home/armanc/ros2_ws/src/install/xeryon_controller/lib/xeryon_controller
[1.188s] writing list of installed files to '/home/armanc/ros2_ws/src/build/xeryon_controller/install.log'
[1.214s] Invoked command in '/home/armanc/ros2_ws/src/xeryon_controller' returned '0': PYTHONPATH=/home/armanc/ros2_ws/src/build/xeryon_controller/prefix_override:/home/armanc/ros2_ws/src/install/xeryon_controller/lib/python3.10/site-packages:${PYTHONPATH} /usr/bin/python3 -W ignore:setup.py install is deprecated setup.py egg_info --egg-base ../build/xeryon_controller build --build-base /home/armanc/ros2_ws/src/build/xeryon_controller/build install --record /home/armanc/ros2_ws/src/build/xeryon_controller/install.log --single-version-externally-managed install_data
