[0.697s] Invoking command in '/home/armanc/ros2_ws/src/xeryon_controller': PYTHONPATH=/home/armanc/ros2_ws/src/build/xeryon_controller/prefix_override:/home/armanc/ros2_ws/src/install/xeryon_controller/lib/python3.10/site-packages:${PYTHONPATH} /usr/bin/python3 -W ignore:setup.py install is deprecated setup.py egg_info --egg-base ../build/xeryon_controller build --build-base /home/armanc/ros2_ws/src/build/xeryon_controller/build install --record /home/armanc/ros2_ws/src/build/xeryon_controller/install.log --single-version-externally-managed install_data
[0.934s] running egg_info
[0.935s] writing ../build/xeryon_controller/xeryon_controller.egg-info/PKG-INFO
[0.935s] writing dependency_links to ../build/xeryon_controller/xeryon_controller.egg-info/dependency_links.txt
[0.935s] writing entry points to ../build/xeryon_controller/xeryon_controller.egg-info/entry_points.txt
[0.936s] writing requirements to ../build/xeryon_controller/xeryon_controller.egg-info/requires.txt
[0.936s] writing top-level names to ../build/xeryon_controller/xeryon_controller.egg-info/top_level.txt
[0.937s] reading manifest file '../build/xeryon_controller/xeryon_controller.egg-info/SOURCES.txt'
[1.011s] adding license file 'LICENSE'
[1.012s] writing manifest file '../build/xeryon_controller/xeryon_controller.egg-info/SOURCES.txt'
[1.012s] running build
[1.012s] running build_py
[1.012s] creating /home/armanc/ros2_ws/src/build/xeryon_controller/build/lib/xeryon_controller/linear_node
[1.013s] copying xeryon_controller/linear_node/__init__.py -> /home/armanc/ros2_ws/src/build/xeryon_controller/build/lib/xeryon_controller/linear_node
[1.013s] copying xeryon_controller/linear_node/linear_node.py -> /home/armanc/ros2_ws/src/build/xeryon_controller/build/lib/xeryon_controller/linear_node
[1.013s] creating /home/armanc/ros2_ws/src/build/xeryon_controller/build/lib/xeryon_controller/data_node
[1.013s] copying xeryon_controller/data_node/__init__.py -> /home/armanc/ros2_ws/src/build/xeryon_controller/build/lib/xeryon_controller/data_node
[1.013s] copying xeryon_controller/data_node/data_node.py -> /home/armanc/ros2_ws/src/build/xeryon_controller/build/lib/xeryon_controller/data_node
[1.013s] creating /home/armanc/ros2_ws/src/build/xeryon_controller/build/lib/xeryon_controller/rotary_node
[1.013s] copying xeryon_controller/rotary_node/rotary_node.py -> /home/armanc/ros2_ws/src/build/xeryon_controller/build/lib/xeryon_controller/rotary_node
[1.013s] copying xeryon_controller/rotary_node/__init__.py -> /home/armanc/ros2_ws/src/build/xeryon_controller/build/lib/xeryon_controller/rotary_node
[1.014s] running install
[1.014s] running install_lib
[1.015s] creating /home/armanc/ros2_ws/src/install/xeryon_controller/lib/python3.10/site-packages/xeryon_controller/linear_node
[1.016s] copying /home/armanc/ros2_ws/src/build/xeryon_controller/build/lib/xeryon_controller/linear_node/__init__.py -> /home/armanc/ros2_ws/src/install/xeryon_controller/lib/python3.10/site-packages/xeryon_controller/linear_node
[1.016s] copying /home/armanc/ros2_ws/src/build/xeryon_controller/build/lib/xeryon_controller/linear_node/linear_node.py -> /home/armanc/ros2_ws/src/install/xeryon_controller/lib/python3.10/site-packages/xeryon_controller/linear_node
[1.016s] creating /home/armanc/ros2_ws/src/install/xeryon_controller/lib/python3.10/site-packages/xeryon_controller/data_node
[1.016s] copying /home/armanc/ros2_ws/src/build/xeryon_controller/build/lib/xeryon_controller/data_node/__init__.py -> /home/armanc/ros2_ws/src/install/xeryon_controller/lib/python3.10/site-packages/xeryon_controller/data_node
[1.016s] copying /home/armanc/ros2_ws/src/build/xeryon_controller/build/lib/xeryon_controller/data_node/data_node.py -> /home/armanc/ros2_ws/src/install/xeryon_controller/lib/python3.10/site-packages/xeryon_controller/data_node
[1.016s] creating /home/armanc/ros2_ws/src/install/xeryon_controller/lib/python3.10/site-packages/xeryon_controller/rotary_node
[1.016s] copying /home/armanc/ros2_ws/src/build/xeryon_controller/build/lib/xeryon_controller/rotary_node/rotary_node.py -> /home/armanc/ros2_ws/src/install/xeryon_controller/lib/python3.10/site-packages/xeryon_controller/rotary_node
[1.017s] copying /home/armanc/ros2_ws/src/build/xeryon_controller/build/lib/xeryon_controller/rotary_node/__init__.py -> /home/armanc/ros2_ws/src/install/xeryon_controller/lib/python3.10/site-packages/xeryon_controller/rotary_node
[1.017s] byte-compiling /home/armanc/ros2_ws/src/install/xeryon_controller/lib/python3.10/site-packages/xeryon_controller/linear_node/__init__.py to __init__.cpython-310.pyc
[1.017s] byte-compiling /home/armanc/ros2_ws/src/install/xeryon_controller/lib/python3.10/site-packages/xeryon_controller/linear_node/linear_node.py to linear_node.cpython-310.pyc
[1.018s] byte-compiling /home/armanc/ros2_ws/src/install/xeryon_controller/lib/python3.10/site-packages/xeryon_controller/data_node/__init__.py to __init__.cpython-310.pyc
[1.018s] byte-compiling /home/armanc/ros2_ws/src/install/xeryon_controller/lib/python3.10/site-packages/xeryon_controller/data_node/data_node.py to data_node.cpython-310.pyc
[1.018s] byte-compiling /home/armanc/ros2_ws/src/install/xeryon_controller/lib/python3.10/site-packages/xeryon_controller/rotary_node/rotary_node.py to rotary_node.cpython-310.pyc
[1.018s] byte-compiling /home/armanc/ros2_ws/src/install/xeryon_controller/lib/python3.10/site-packages/xeryon_controller/rotary_node/__init__.py to __init__.cpython-310.pyc
[1.018s] running install_data
[1.019s] running install_egg_info
[1.020s] removing '/home/armanc/ros2_ws/src/install/xeryon_controller/lib/python3.10/site-packages/xeryon_controller-0.0.0-py3.10.egg-info' (and everything under it)
[1.021s] Copying ../build/xeryon_controller/xeryon_controller.egg-info to /home/armanc/ros2_ws/src/install/xeryon_controller/lib/python3.10/site-packages/xeryon_controller-0.0.0-py3.10.egg-info
[1.028s] running install_scripts
[1.052s] writing list of installed files to '/home/armanc/ros2_ws/src/build/xeryon_controller/install.log'
[1.077s] Invoked command in '/home/armanc/ros2_ws/src/xeryon_controller' returned '0': PYTHONPATH=/home/armanc/ros2_ws/src/build/xeryon_controller/prefix_override:/home/armanc/ros2_ws/src/install/xeryon_controller/lib/python3.10/site-packages:${PYTHONPATH} /usr/bin/python3 -W ignore:setup.py install is deprecated setup.py egg_info --egg-base ../build/xeryon_controller build --build-base /home/armanc/ros2_ws/src/build/xeryon_controller/build install --record /home/armanc/ros2_ws/src/build/xeryon_controller/install.log --single-version-externally-managed install_data
